number,value,datetime_start,datetime_complete,duration,params_actor_lr,params_batch_size,params_critic_lr,params_gamma,params_sigma,params_tau,user_attrs_bias_mae,user_attrs_seed_scores,state
0,-160.73458184136283,2026-10-05 23:18:12.952393,2026-10-05 23:20:04.662230,0 days 00:01:51.709837,7.44714490408307e-05,128,0.00010921849507601313,0.9863055170313123,0.15883059815456924,0.005189522165023012,73.86951065063477,[-160.73458184136283],COMPLETE
1,-162.55946901109482,2026-10-05 23:18:12.955099,2026-10-05 23:20:42.407420,0 days 00:02:29.452321,6.82407842709883e-05,256,0.0011587950184865049,0.9822013383622566,0.12558314315795993,0.0010003426950381345,41.77020009358724,[-162.55946901109482],COMPLETE
2,-28.800363328721787,2026-10-05 23:18:12.953117,2026-10-05 23:19:45.466626,0 days 00:01:32.513509,0.00012635598137381655,64,0.001111783438291579,0.9933942043152149,0.17770690129941574,0.0023904286824261694,88.23101552327473,[-28.800363328721787],COMPLETE
3,-139.76197560628256,2026-10-05 23:18:12.953812,2026-10-05 23:20:54.076637,0 days 00:02:41.122825,0.00012520653814999459,256,0.001138731709216906,0.9863548219900835,0.18622079574922423,0.0060843366042818365,185.41467666625977,[-139.76197560628256],COMPLETE
4,-196.50496419270834,2026-10-05 23:19:45.481165,2026-10-05 23:21:11.943672,0 days 00:01:26.462507,7.614119477614888e-05,64,0.00011069570896235343,0.9841773092397196,0.21228601190369017,0.003929648705415993,50.87581125895182,[-196.50496419270834],COMPLETE
5,-133.4602822197808,2026-10-05 23:20:04.675703,2026-10-05 23:21:42.931128,0 days 00:01:38.255425,3.417075308021127e-05,128,0.0008269704407704704,0.9877036718189862,0.08364498633623339,0.004880111408043976,269.1626141866048,[-133.4602822197808],COMPLETE
6,-67.11241658528645,2026-10-05 23:20:42.420969,2026-10-05 23:22:04.832716,0 days 00:01:22.411747,0.0001195730942971637,100,0.00041610326839296125,0.9931717615458642,0.10111306243287936,0.007789168944224185,244.9108632405599,[-67.11241658528645],COMPLETE
7,-44.55552461412217,2026-10-05 23:20:54.089344,2026-10-05 23:22:49.986894,0 days 00:01:55.897550,5.8463261216434157e-05,256,0.0014773176334293555,0.9938839495743899,0.1920111402734831,0.004876499175835443,179.45147705078125,[-44.55552461412217],COMPLETE
8,-47.85244581434461,2026-10-05 23:22:04.839482,2026-10-05 23:23:14.129508,0 days 00:01:09.290026,1.9088591198098547e-05,128,0.0001961642761814289,0.9847013626723886,0.29206539392984937,0.011010136486528835,42.32954533894857,[-47.85244581434461],COMPLETE
9,-82.8663330078125,2026-10-05 23:22:49.992692,2026-10-05 23:24:00.911778,0 days 00:01:10.919086,0.00036000911929116066,64,0.0019280284410033446,0.9869221904337939,0.2497896410541809,0.018759092183177933,148.69591013590494,[-82.8663330078125],COMPLETE
