number,value,datetime_start,datetime_complete,duration,params_actor_lr,params_batch_size,params_critic_lr,params_gamma,params_policy_delay,params_sigma,params_target_noise,params_target_noise_clip,params_tau,user_attrs_bias_mae,user_attrs_seed_scores,state
0,-49.50250710381402,2026-10-05 23:24:08.135020,2026-10-05 23:28:34.004605,0 days 00:04:25.869585,0.00012329353428173963,64,0.0001794179580941495,0.9888305007518554,2,0.09505585269837273,0.21093975009214969,0.3328104712152658,0.012873299354004551,30.418526967366535,[-49.50250710381402],COMPLETE
1,-150.05517069498697,2026-10-05 23:24:08.532222,2026-10-05 23:28:16.486860,0 days 00:04:07.954638,0.000411660451847349,64,0.00014862604635664135,0.9823655001505858,3,0.18088471287364316,0.23880125757116347,0.6601816272218416,0.008247004868099587,17.49204953511556,[-150.05517069498697],COMPLETE
2,-64.60308498806423,2026-10-05 23:24:08.724846,2026-10-05 23:28:17.232116,0 days 00:04:08.507270,8.012645497297286e-05,64,0.0017221066710623547,0.9839696545054935,3,0.24025131063159488,0.13708498846070677,0.6672097012097917,0.004407913771220683,25.964054743448894,[-64.60308498806423],COMPLETE
3,-45.738118489583336,2026-10-05 23:24:08.809084,2026-10-05 23:32:02.465767,0 days 00:07:53.656683,0.0006938217575540636,256,0.0007204201353222099,0.9936849164007545,3,0.23630209373618688,0.2775933506846013,0.5295964963594338,0.018808236623192233,46.83120600382487,[-45.738118489583336],COMPLETE
4,-98.9878904554579,2026-10-05 23:28:16.514145,2026-10-05 23:35:42.799333,0 days 00:07:26.285188,0.00010131324482410127,256,0.00015197895927957734,0.9865285293405913,3,0.2292419261391075,0.19250731990034892,0.32924286307924483,0.01194833594552017,,,PRUNED
5,-103.3855480617947,2026-10-05 23:28:17.247822,2026-10-05 23:32:37.299830,0 days 00:04:20.052008,0.0001864033007999553,128,0.0001954982508856623,0.9945683663666381,2,0.1551902909353554,0.24792794231410678,0.36723298175623353,0.0013871904659595914,30.369773228963215,[-103.3855480617947],COMPLETE
6,-120.96893395317926,2026-10-05 23:28:34.020322,2026-10-05 23:33:06.748927,0 days 00:04:32.728605,3.0492094102216334e-05,100,0.00041388193427630883,0.9820654949553933,2,0.1215825602718641,0.28565817432284313,0.6119800568969727,0.013465519373330268,,,PRUNED
7,-78.57988908555772,2026-10-05 23:32:02.481818,2026-10-05 23:36:05.119157,0 days 00:04:02.637339,2.5376458842156848e-05,128,0.00024552412346921066,0.9807519463319,2,0.10348127433071137,0.16460202155201967,0.3589882117520954,0.0019343324035149528,,,PRUNED
8,-144.15634791056314,2026-10-05 23:33:06.761353,2026-10-05 23:36:58.058658,0 days 00:03:51.297305,2.7971384608671765e-05,128,0.0029747849718182308,0.9948157424332063,3,0.10644371864185957,0.21651659818035682,0.5264108605809145,0.004367059602442649,,,PRUNED
9,-127.13390180799695,2026-10-05 23:35:42.806766,2026-10-05 23:42:04.967988,0 days 00:06:22.161222,0.0004133975127466144,256,0.0005873212498449825,0.9810003456770824,2,0.11670723553400793,0.11666200674790857,0.49862285018764985,0.0015079235530291832,,,PRUNED
